<?xml version="1.0" encoding="UTF-8"?>
<testsuite xmlns:xsi="http://www.w3.org/2001/XMLSchema-instance" xsi:noNamespaceSchemaLocation="https://maven.apache.org/surefire/maven-surefire-plugin/xsd/surefire-test-report.xsd" name="com.kuang.MybatisPlusApplicationTests" time="4.412" tests="8" errors="1" skipped="0" failures="0">
  <properties>
[...]
</properties>
  <testcase name="testPage" classname="com.kuang.MybatisPlusApplicationTests" time="0.483"/>
  <testcase name="testLogicDelete" classname="com.kuang.MybatisPlusApplicationTests" time="0.008"/>
  <testcase name="testOptimisticLocker" classname="com.kuang.MybatisPlusApplicationTests" time="0.034"/>
  <testcase name="contextLoads" classname="com.kuang.MybatisPlusApplicationTests" time="0.014"/>
  <testcase name="testDelete" classname="com.kuang.MybatisPlusApplicationTests" time="0.021"/>
  <testcase name="testInsert" classname="com.kuang.MybatisPlusApplicationTests" time="0.13">
    <error message="&#10;### Error updating database.  Cause: java.sql.SQLException: Field &apos;id&apos; doesn&apos;t have a default value&#10;### The error may involve com.kuang.mapper.UserMapper.insert-Inline&#10;### The error occurred while setting parameters&#10;### SQL: INSERT INTO user  ( name, age, email, create_time, update_time )  VALUES  ( ?, ?, ?, ?, ? )&#10;### Cause: java.sql.SQLException: Field &apos;id&apos; doesn&apos;t have a default value&#10;; Field &apos;id&apos; doesn&apos;t have a default value; nested exception is java.sql.SQLException: Field &apos;id&apos; doesn&apos;t have a default value" type="org.springframework.dao.DataIntegrityViolationException">org.springframework.dao.DataIntegrityViolationException: 

### Error updating database.  Cause: java.sql.SQLException: Field 'id' doesn't have a default value
### The error may involve com.kuang.mapper.UserMapper.insert-Inline
### The error occurred while setting parameters
### SQL: INSERT INTO user  ( name, age, email, create_time, update_time )  VALUES  ( ?, ?, ?, ?, ? )
### Cause: java.sql.SQLException: Field 'id' doesn't have a default value
; Field 'id' doesn't have a default value; nested exception is java.sql.SQLException: Field 'id' doesn't have a default value
	at com.kuang.MybatisPlusApplicationTests.testInsert(MybatisPlusApplicationTests.java:33)
Caused by: java.sql.SQLException: Field 'id' doesn't have a default value
	at com.kuang.MybatisPlusApplicationTests.testInsert(MybatisPlusApplicationTests.java:33)
</error>
    <system-out><![CDATA[Creating a new SqlSession
SqlSession [org.apache.ibatis.session.defaults.DefaultSqlSession@b61edb9] was not registered for synchronization because synchronization is not active
2021-06-20 17:42:34.035  INFO 7844 --- [           main] com.kuang.handler.MyHandler              : start insert fill...
JDBC Connection [HikariProxyConnection@1564473433 wrapping com.mysql.cj.jdbc.ConnectionImpl@6d091cad] will not be managed by Spring
==>  Preparing: INSERT INTO user ( name, age, email, create_time, update_time ) VALUES ( ?, ?, ?, ?, ? ) 
==> Parameters: panpan(String), 12(Integer), hahaha(String), 2021-06-20 17:42:34.036(Timestamp), 2021-06-20 17:42:34.036(Timestamp)
Closing non transactional SqlSession [org.apache.ibatis.session.defaults.DefaultSqlSession@b61edb9]
]]></system-out>
  </testcase>
  <testcase name="testSelect" classname="com.kuang.MybatisPlusApplicationTests" time="0.068"/>
  <testcase name="testUpdate" classname="com.kuang.MybatisPlusApplicationTests" time="0.005"/>
</testsuite>